2024/07/11 15:50:37 user.go:29: [LoginHandler] Usuário não encontrado: sql: no rows in result set
2024/07/17 16:49:27 functions.go:21: Erro ao inserir o usuário no banco de dados: pq: duplicar valor da chave viola a restrição de unicidade "users_email_key"
2024/07/17 16:49:27 functions.go:29: [RegisterHandler] Erro ao salvar o usuário no banco de dados: pq: duplicar valor da chave viola a restrição de unicidade "users_email_key"
2024/07/17 16:49:32 functions.go:21: Erro ao inserir o usuário no banco de dados: pq: duplicar valor da chave viola a restrição de unicidade "users_email_key"
2024/07/17 16:49:32 functions.go:29: [RegisterHandler] Erro ao salvar o usuário no banco de dados: pq: duplicar valor da chave viola a restrição de unicidade "users_email_key"
2024/07/18 08:56:18 functions.go:29: [LoginHandler] Usuário não encontrado: sql: no rows in result set
2024/07/18 09:06:08 functions.go:29: [UpdateHandler] Erro ao atualizar o usuário no banco de dados: pq: erro de sintaxe em ou próximo a "="
2024/07/18 09:06:53 main.go:79: listen tcp :8080: bind: Normalmente é permitida apenas uma utilização de cada endereço de soquete (protocolo/endereço de rede/porta).
2024/07/18 09:07:50 functions.go:29: [UpdateHandler] Erro ao atualizar o usuário no banco de dados: pq: erro de sintaxe em ou próximo a "="
2024/07/18 09:08:18 functions.go:29: [UpdateHandler] Erro ao atualizar o usuário no banco de dados: pq: erro de sintaxe em ou próximo a "="
2024/07/18 09:09:04 functions.go:29: [UpdateHandler] Erro ao atualizar o usuário no banco de dados: pq: erro de sintaxe em ou próximo a "="
2024/07/18 09:12:47 functions.go:29: [UpdateHandler] Erro ao atualizar o usuário no banco de dados: pq: erro de sintaxe em ou próximo a "="
2024/07/18 09:14:59 functions.go:29: [UpdateHandler] Erro ao atualizar o usuário no banco de dados: pq: erro de sintaxe em ou próximo a "="
2024/07/18 10:27:22 main.go:45: Erro ao conectar ao banco de dados:dial tcp [::1]:5432: connectex: Nenhuma conexão pôde ser feita porque a máquina de destino as recusou ativamente.
2024/07/18 10:27:41 main.go:45: Erro ao conectar ao banco de dados:dial tcp [::1]:5432: connectex: Nenhuma conexão pôde ser feita porque a máquina de destino as recusou ativamente.
2024/07/18 12:00:04 main.go:50: Erro ao conectar ao banco de dados:dial tcp: lookup port=: no such host
2024/07/18 12:08:08 functions.go:29: [UpdateHandler] Erro ao verificar a existência do usuário: pq: invalid input syntax for type integer: ""
2024/07/18 12:08:15 functions.go:29: [UpdateHandler] Erro ao verificar a existência do usuário: pq: invalid input syntax for type integer: ""
2024/07/18 12:30:29 functions.go:29: [UpdateHandler] Erro ao verificar a existência do usuário: pq: invalid input syntax for type integer: ""
2024/07/18 12:32:53 functions.go:29: [UpdateHandler] Erro ao verificar a existência do usuário: pq: invalid input syntax for type integer: ""
2024/07/18 12:33:20 functions.go:29: [UpdateHandler] Erro ao verificar a existência do usuário: pq: invalid input syntax for type integer: ""
2024/07/18 12:36:29 functions.go:29: [UpdateHandler] Erro ao verificar a existência do usuário: pq: invalid input syntax for type integer: ""
